<?xml version="1.0" encoding="UTF-8"?>
<beans xmlns="http://www.springframework.org/schema/beans"
       xmlns:xsi="http://www.w3.org/2001/XMLSchema-instance"
       xmlns:context="http://www.springframework.org/schema/context"
       xsi:schemaLocation="http://www.springframework.org/schema/beans http://www.springframework.org/schema/beans/spring-beans.xsd http://www.springframework.org/schema/context http://www.springframework.org/schema/context/spring-context.xsd">

    <context:annotation-config/>
    <!--<aop:aspectj-autoproxy />-->

    <bean id="propertyConfigurer" class="com.scarlett.common.config.SpringPlaceHolderConfigAdapter">
        <!-- 设置中央配置提供者 -->
        <property name="locations">
            <list>
                <value>classpath:*.properties</value>
            </list>
        </property>
    </bean>

    <context:component-scan base-package="com.scarlett.frame.service"/>

    <import resource="classpath:spring/restTemplate.xml" />
    <import resource="classpath:spring/dal-jdbc-applicationContext.xml" />

</beans>